[0.912s] Invoking command in '/home/ajr/lud_a6w_main/traffic_light_monitor': PYTHONPATH=/home/ajr/lud_a6w_main/build/traffic_light_monitor/prefix_override:/usr/lib/python3/dist-packages/colcon_core/task/python/colcon_distutils_commands:/home/ajr/lud_a6w_main/install/traffic_light_monitor/lib/python3.10/site-packages:${PYTHONPATH} /usr/bin/python3 -W ignore:setup.py install is deprecated -W ignore:easy_install command is deprecated setup.py egg_info --egg-base ../build/traffic_light_monitor build --build-base /home/ajr/lud_a6w_main/build/traffic_light_monitor/build install --record /home/ajr/lud_a6w_main/build/traffic_light_monitor/install.log --single-version-externally-managed install_data
[1.219s] running egg_info
[1.219s] creating ../build/traffic_light_monitor/traffic_light_monitor.egg-info
[1.219s] writing ../build/traffic_light_monitor/traffic_light_monitor.egg-info/PKG-INFO
[1.220s] writing dependency_links to ../build/traffic_light_monitor/traffic_light_monitor.egg-info/dependency_links.txt
[1.220s] writing entry points to ../build/traffic_light_monitor/traffic_light_monitor.egg-info/entry_points.txt
[1.221s] writing requirements to ../build/traffic_light_monitor/traffic_light_monitor.egg-info/requires.txt
[1.221s] writing top-level names to ../build/traffic_light_monitor/traffic_light_monitor.egg-info/top_level.txt
[1.222s] writing manifest file '../build/traffic_light_monitor/traffic_light_monitor.egg-info/SOURCES.txt'
[1.224s] reading manifest file '../build/traffic_light_monitor/traffic_light_monitor.egg-info/SOURCES.txt'
[1.224s] writing manifest file '../build/traffic_light_monitor/traffic_light_monitor.egg-info/SOURCES.txt'
[1.225s] running build
[1.225s] running build_py
[1.225s] creating /home/ajr/lud_a6w_main/build/traffic_light_monitor/build
[1.225s] creating /home/ajr/lud_a6w_main/build/traffic_light_monitor/build/lib
[1.225s] creating /home/ajr/lud_a6w_main/build/traffic_light_monitor/build/lib/traffic_light_monitor
[1.225s] copying traffic_light_monitor/traffic_light_publisher.py -> /home/ajr/lud_a6w_main/build/traffic_light_monitor/build/lib/traffic_light_monitor
[1.226s] copying traffic_light_monitor/traffic_light_subscriber.py -> /home/ajr/lud_a6w_main/build/traffic_light_monitor/build/lib/traffic_light_monitor
[1.226s] copying traffic_light_monitor/__init__.py -> /home/ajr/lud_a6w_main/build/traffic_light_monitor/build/lib/traffic_light_monitor
[1.227s] running install
[1.227s] running install_lib
[1.228s] creating /home/ajr/lud_a6w_main/install/traffic_light_monitor/lib/python3.10/site-packages/traffic_light_monitor
[1.228s] copying /home/ajr/lud_a6w_main/build/traffic_light_monitor/build/lib/traffic_light_monitor/traffic_light_publisher.py -> /home/ajr/lud_a6w_main/install/traffic_light_monitor/lib/python3.10/site-packages/traffic_light_monitor
[1.235s] copying /home/ajr/lud_a6w_main/build/traffic_light_monitor/build/lib/traffic_light_monitor/traffic_light_subscriber.py -> /home/ajr/lud_a6w_main/install/traffic_light_monitor/lib/python3.10/site-packages/traffic_light_monitor
[1.235s] copying /home/ajr/lud_a6w_main/build/traffic_light_monitor/build/lib/traffic_light_monitor/__init__.py -> /home/ajr/lud_a6w_main/install/traffic_light_monitor/lib/python3.10/site-packages/traffic_light_monitor
[1.236s] byte-compiling /home/ajr/lud_a6w_main/install/traffic_light_monitor/lib/python3.10/site-packages/traffic_light_monitor/traffic_light_publisher.py to traffic_light_publisher.cpython-310.pyc
[1.237s] byte-compiling /home/ajr/lud_a6w_main/install/traffic_light_monitor/lib/python3.10/site-packages/traffic_light_monitor/traffic_light_subscriber.py to traffic_light_subscriber.cpython-310.pyc
[1.238s] byte-compiling /home/ajr/lud_a6w_main/install/traffic_light_monitor/lib/python3.10/site-packages/traffic_light_monitor/__init__.py to __init__.cpython-310.pyc
[1.239s] running install_data
[1.239s] creating /home/ajr/lud_a6w_main/install/traffic_light_monitor/share/ament_index
[1.239s] creating /home/ajr/lud_a6w_main/install/traffic_light_monitor/share/ament_index/resource_index
[1.239s] creating /home/ajr/lud_a6w_main/install/traffic_light_monitor/share/ament_index/resource_index/packages
[1.239s] copying resource/traffic_light_monitor -> /home/ajr/lud_a6w_main/install/traffic_light_monitor/share/ament_index/resource_index/packages
[1.240s] copying package.xml -> /home/ajr/lud_a6w_main/install/traffic_light_monitor/share/traffic_light_monitor
[1.240s] running install_egg_info
[1.242s] Copying ../build/traffic_light_monitor/traffic_light_monitor.egg-info to /home/ajr/lud_a6w_main/install/traffic_light_monitor/lib/python3.10/site-packages/traffic_light_monitor-0.0.0-py3.10.egg-info
[1.246s] running install_scripts
[1.265s] writing list of installed files to '/home/ajr/lud_a6w_main/build/traffic_light_monitor/install.log'
[1.281s] Invoked command in '/home/ajr/lud_a6w_main/traffic_light_monitor' returned '0': PYTHONPATH=/home/ajr/lud_a6w_main/build/traffic_light_monitor/prefix_override:/usr/lib/python3/dist-packages/colcon_core/task/python/colcon_distutils_commands:/home/ajr/lud_a6w_main/install/traffic_light_monitor/lib/python3.10/site-packages:${PYTHONPATH} /usr/bin/python3 -W ignore:setup.py install is deprecated -W ignore:easy_install command is deprecated setup.py egg_info --egg-base ../build/traffic_light_monitor build --build-base /home/ajr/lud_a6w_main/build/traffic_light_monitor/build install --record /home/ajr/lud_a6w_main/build/traffic_light_monitor/install.log --single-version-externally-managed install_data
