[0.847s] Invoking command in '/home/ajr/lud_a6w_main/traffic_light_monitor': PYTHONPATH=/home/ajr/lud_a6w_main/build/traffic_light_monitor/prefix_override:/usr/lib/python3/dist-packages/colcon_core/task/python/colcon_distutils_commands:/home/ajr/lud_a6w_main/install/traffic_light_monitor/lib/python3.10/site-packages:${PYTHONPATH} /usr/bin/python3 -W ignore:setup.py install is deprecated -W ignore:easy_install command is deprecated setup.py egg_info --egg-base ../build/traffic_light_monitor build --build-base /home/ajr/lud_a6w_main/build/traffic_light_monitor/build install --record /home/ajr/lud_a6w_main/build/traffic_light_monitor/install.log --single-version-externally-managed install_data
[1.155s] running egg_info
[1.156s] writing ../build/traffic_light_monitor/traffic_light_monitor.egg-info/PKG-INFO
[1.156s] writing dependency_links to ../build/traffic_light_monitor/traffic_light_monitor.egg-info/dependency_links.txt
[1.156s] writing entry points to ../build/traffic_light_monitor/traffic_light_monitor.egg-info/entry_points.txt
[1.156s] writing requirements to ../build/traffic_light_monitor/traffic_light_monitor.egg-info/requires.txt
[1.168s] writing top-level names to ../build/traffic_light_monitor/traffic_light_monitor.egg-info/top_level.txt
[1.168s] reading manifest file '../build/traffic_light_monitor/traffic_light_monitor.egg-info/SOURCES.txt'
[1.168s] writing manifest file '../build/traffic_light_monitor/traffic_light_monitor.egg-info/SOURCES.txt'
[1.168s] running build
[1.168s] running build_py
[1.168s] running install
[1.168s] running install_lib
[1.168s] running install_data
[1.168s] running install_egg_info
[1.168s] removing '/home/ajr/lud_a6w_main/install/traffic_light_monitor/lib/python3.10/site-packages/traffic_light_monitor-0.0.0-py3.10.egg-info' (and everything under it)
[1.169s] Copying ../build/traffic_light_monitor/traffic_light_monitor.egg-info to /home/ajr/lud_a6w_main/install/traffic_light_monitor/lib/python3.10/site-packages/traffic_light_monitor-0.0.0-py3.10.egg-info
[1.172s] running install_scripts
[1.191s] writing list of installed files to '/home/ajr/lud_a6w_main/build/traffic_light_monitor/install.log'
[1.208s] Invoked command in '/home/ajr/lud_a6w_main/traffic_light_monitor' returned '0': PYTHONPATH=/home/ajr/lud_a6w_main/build/traffic_light_monitor/prefix_override:/usr/lib/python3/dist-packages/colcon_core/task/python/colcon_distutils_commands:/home/ajr/lud_a6w_main/install/traffic_light_monitor/lib/python3.10/site-packages:${PYTHONPATH} /usr/bin/python3 -W ignore:setup.py install is deprecated -W ignore:easy_install command is deprecated setup.py egg_info --egg-base ../build/traffic_light_monitor build --build-base /home/ajr/lud_a6w_main/build/traffic_light_monitor/build install --record /home/ajr/lud_a6w_main/build/traffic_light_monitor/install.log --single-version-externally-managed install_data
