[1.372s] DEBUG:colcon:Command line arguments: ['/usr/bin/colcon', 'build', '--packages-select', 'traffic_light_monitor']
[1.372s] DEBUG:colcon:Parsed command line arguments: Namespace(log_base=None, log_level=None, verb_name='build', build_base='build', install_base='install', merge_install=False, symlink_install=False, test_result_base=None, continue_on_error=False, executor='parallel', parallel_workers=12, event_handlers=None, ignore_user_meta=False, metas=['./colcon.meta'], base_paths=['.'], packages_ignore=None, packages_ignore_regex=None, paths=None, packages_up_to=None, packages_up_to_regex=None, packages_above=None, packages_above_and_dependencies=None, packages_above_depth=None, packages_select_by_dep=None, packages_skip_by_dep=None, packages_skip_up_to=None, packages_select_build_failed=False, packages_skip_build_finished=False, packages_select_test_failures=False, packages_skip_test_passed=False, packages_select=['traffic_light_monitor'], packages_skip=None, packages_select_regex=None, packages_skip_regex=None, packages_start=None, packages_end=None, allow_overriding=[], cmake_args=None, cmake_target=None, cmake_target_skip_unavailable=False, cmake_clean_cache=False, cmake_clean_first=False, cmake_force_configure=False, ament_cmake_args=None, catkin_cmake_args=None, catkin_skip_building_tests=False, mixin_files=None, mixin=None, verb_parser=<colcon_mixin.mixin.mixin_argument.MixinArgumentDecorator object at 0x7f02808ddc90>, verb_extension=<colcon_core.verb.build.BuildVerb object at 0x7f02809e6bc0>, main=<bound method BuildVerb.main of <colcon_core.verb.build.BuildVerb object at 0x7f02809e6bc0>>, mixin_verb=('build',))
[4.577s] Level 1:colcon.colcon_core.package_discovery:discover_packages(colcon_meta) check parameters
[4.577s] Level 1:colcon.colcon_core.package_discovery:discover_packages(recursive) check parameters
[4.577s] Level 1:colcon.colcon_core.package_discovery:discover_packages(ignore) check parameters
[4.578s] Level 1:colcon.colcon_core.package_discovery:discover_packages(path) check parameters
[4.578s] Level 1:colcon.colcon_core.package_discovery:discover_packages(colcon_meta) discover
[4.578s] Level 1:colcon.colcon_core.package_discovery:discover_packages(recursive) discover
[4.578s] INFO:colcon.colcon_core.package_discovery:Crawling recursively for packages in '/home/ajr/lud_a6w_main'
[4.578s] Level 1:colcon.colcon_core.package_identification:_identify(.) by extensions ['ignore', 'ignore_ament_install']
[4.578s] Level 1:colcon.colcon_core.package_identification:_identify(.) by extension 'ignore'
[4.578s] Level 1:colcon.colcon_core.package_identification:_identify(.) by extension 'ignore_ament_install'
[4.578s] Level 1:colcon.colcon_core.package_identification:_identify(.) by extensions ['colcon_pkg']
[4.578s] Level 1:colcon.colcon_core.package_identification:_identify(.) by extension 'colcon_pkg'
[4.578s] Level 1:colcon.colcon_core.package_identification:_identify(.) by extensions ['colcon_meta']
[4.578s] Level 1:colcon.colcon_core.package_identification:_identify(.) by extension 'colcon_meta'
[4.578s] Level 1:colcon.colcon_core.package_identification:_identify(.) by extensions ['ros']
[4.578s] Level 1:colcon.colcon_core.package_identification:_identify(.) by extension 'ros'
[4.620s] Level 1:colcon.colcon_core.package_identification:_identify(.) by extensions ['cmake', 'python']
[4.620s] Level 1:colcon.colcon_core.package_identification:_identify(.) by extension 'cmake'
[4.620s] Level 1:colcon.colcon_core.package_identification:_identify(.) by extension 'python'
[4.620s] Level 1:colcon.colcon_core.package_identification:_identify(.) by extensions ['python_setup_py']
[4.621s] Level 1:colcon.colcon_core.package_identification:_identify(.) by extension 'python_setup_py'
[4.621s] Level 1:colcon.colcon_core.package_identification:_identify(__pycache__) by extensions ['ignore', 'ignore_ament_install']
[4.621s] Level 1:colcon.colcon_core.package_identification:_identify(__pycache__) by extension 'ignore'
[4.621s] Level 1:colcon.colcon_core.package_identification:_identify(__pycache__) by extension 'ignore_ament_install'
[4.621s] Level 1:colcon.colcon_core.package_identification:_identify(__pycache__) by extensions ['colcon_pkg']
[4.621s] Level 1:colcon.colcon_core.package_identification:_identify(__pycache__) by extension 'colcon_pkg'
[4.621s] Level 1:colcon.colcon_core.package_identification:_identify(__pycache__) by extensions ['colcon_meta']
[4.621s] Level 1:colcon.colcon_core.package_identification:_identify(__pycache__) by extension 'colcon_meta'
[4.621s] Level 1:colcon.colcon_core.package_identification:_identify(__pycache__) by extensions ['ros']
[4.621s] Level 1:colcon.colcon_core.package_identification:_identify(__pycache__) by extension 'ros'
[4.621s] Level 1:colcon.colcon_core.package_identification:_identify(__pycache__) by extensions ['cmake', 'python']
[4.621s] Level 1:colcon.colcon_core.package_identification:_identify(__pycache__) by extension 'cmake'
[4.621s] Level 1:colcon.colcon_core.package_identification:_identify(__pycache__) by extension 'python'
[4.622s] Level 1:colcon.colcon_core.package_identification:_identify(__pycache__) by extensions ['python_setup_py']
[4.622s] Level 1:colcon.colcon_core.package_identification:_identify(__pycache__) by extension 'python_setup_py'
[4.622s] Level 1:colcon.colcon_core.package_identification:_identify(build) by extensions ['ignore', 'ignore_ament_install']
[4.622s] Level 1:colcon.colcon_core.package_identification:_identify(build) by extension 'ignore'
[4.622s] Level 1:colcon.colcon_core.package_identification:_identify(build) ignored
[4.622s] Level 1:colcon.colcon_core.package_identification:_identify(install) by extensions ['ignore', 'ignore_ament_install']
[4.622s] Level 1:colcon.colcon_core.package_identification:_identify(install) by extension 'ignore'
[4.622s] Level 1:colcon.colcon_core.package_identification:_identify(install) ignored
[4.623s] Level 1:colcon.colcon_core.package_identification:_identify(log) by extensions ['ignore', 'ignore_ament_install']
[4.623s] Level 1:colcon.colcon_core.package_identification:_identify(log) by extension 'ignore'
[4.623s] Level 1:colcon.colcon_core.package_identification:_identify(log) ignored
[4.623s] Level 1:colcon.colcon_core.package_identification:_identify(src) by extensions ['ignore', 'ignore_ament_install']
[4.623s] Level 1:colcon.colcon_core.package_identification:_identify(src) by extension 'ignore'
[4.623s] Level 1:colcon.colcon_core.package_identification:_identify(src) by extension 'ignore_ament_install'
[4.623s] Level 1:colcon.colcon_core.package_identification:_identify(src) by extensions ['colcon_pkg']
[4.624s] Level 1:colcon.colcon_core.package_identification:_identify(src) by extension 'colcon_pkg'
[4.624s] Level 1:colcon.colcon_core.package_identification:_identify(src) by extensions ['colcon_meta']
[4.624s] Level 1:colcon.colcon_core.package_identification:_identify(src) by extension 'colcon_meta'
[4.624s] Level 1:colcon.colcon_core.package_identification:_identify(src) by extensions ['ros']
[4.624s] Level 1:colcon.colcon_core.package_identification:_identify(src) by extension 'ros'
[4.624s] Level 1:colcon.colcon_core.package_identification:_identify(src) by extensions ['cmake', 'python']
[4.624s] Level 1:colcon.colcon_core.package_identification:_identify(src) by extension 'cmake'
[4.624s] Level 1:colcon.colcon_core.package_identification:_identify(src) by extension 'python'
[4.624s] Level 1:colcon.colcon_core.package_identification:_identify(src) by extensions ['python_setup_py']
[4.624s] Level 1:colcon.colcon_core.package_identification:_identify(src) by extension 'python_setup_py'
[4.624s] Level 1:colcon.colcon_core.package_identification:_identify(src/traffic_light_monitor) by extensions ['ignore', 'ignore_ament_install']
[4.624s] Level 1:colcon.colcon_core.package_identification:_identify(src/traffic_light_monitor) by extension 'ignore'
[4.625s] Level 1:colcon.colcon_core.package_identification:_identify(src/traffic_light_monitor) by extension 'ignore_ament_install'
[4.625s] Level 1:colcon.colcon_core.package_identification:_identify(src/traffic_light_monitor) by extensions ['colcon_pkg']
[4.625s] Level 1:colcon.colcon_core.package_identification:_identify(src/traffic_light_monitor) by extension 'colcon_pkg'
[4.625s] Level 1:colcon.colcon_core.package_identification:_identify(src/traffic_light_monitor) by extensions ['colcon_meta']
[4.625s] Level 1:colcon.colcon_core.package_identification:_identify(src/traffic_light_monitor) by extension 'colcon_meta'
[4.625s] Level 1:colcon.colcon_core.package_identification:_identify(src/traffic_light_monitor) by extensions ['ros']
[4.625s] Level 1:colcon.colcon_core.package_identification:_identify(src/traffic_light_monitor) by extension 'ros'
[4.651s] DEBUG:colcon.colcon_core.package_identification:Package 'src/traffic_light_monitor' with type 'ros.ament_python' and name 'traffic_light_monitor'
[4.651s] Level 1:colcon.colcon_core.package_discovery:discover_packages(recursive) using defaults
[4.651s] Level 1:colcon.colcon_core.package_discovery:discover_packages(ignore) discover
[4.651s] Level 1:colcon.colcon_core.package_discovery:discover_packages(ignore) using defaults
[4.651s] Level 1:colcon.colcon_core.package_discovery:discover_packages(path) discover
[4.651s] Level 1:colcon.colcon_core.package_discovery:discover_packages(path) using defaults
[4.800s] Level 1:colcon.colcon_core.package_discovery:discover_packages(prefix_path) check parameters
[4.800s] Level 1:colcon.colcon_core.package_discovery:discover_packages(prefix_path) discover
[4.824s] WARNING:colcon.colcon_ros.prefix_path.ament:The path '/home/ajr/lud_a6w_main/install/traffic_light_monitor' in the environment variable AMENT_PREFIX_PATH doesn't exist
[4.837s] DEBUG:colcon.colcon_installed_package_information.package_discovery:Found 0 installed packages in /home/ajr/lud_a6w_main/install
[4.839s] DEBUG:colcon.colcon_installed_package_information.package_discovery:Found 291 installed packages in /opt/ros/humble
[4.840s] Level 1:colcon.colcon_core.package_discovery:discover_packages(prefix_path) using defaults
[6.010s] Level 5:colcon.colcon_core.verb:set package 'traffic_light_monitor' build argument 'cmake_args' from command line to 'None'
[6.011s] Level 5:colcon.colcon_core.verb:set package 'traffic_light_monitor' build argument 'cmake_target' from command line to 'None'
[6.011s] Level 5:colcon.colcon_core.verb:set package 'traffic_light_monitor' build argument 'cmake_target_skip_unavailable' from command line to 'False'
[6.011s] Level 5:colcon.colcon_core.verb:set package 'traffic_light_monitor' build argument 'cmake_clean_cache' from command line to 'False'
[6.011s] Level 5:colcon.colcon_core.verb:set package 'traffic_light_monitor' build argument 'cmake_clean_first' from command line to 'False'
[6.011s] Level 5:colcon.colcon_core.verb:set package 'traffic_light_monitor' build argument 'cmake_force_configure' from command line to 'False'
[6.011s] Level 5:colcon.colcon_core.verb:set package 'traffic_light_monitor' build argument 'ament_cmake_args' from command line to 'None'
[6.011s] Level 5:colcon.colcon_core.verb:set package 'traffic_light_monitor' build argument 'catkin_cmake_args' from command line to 'None'
[6.011s] Level 5:colcon.colcon_core.verb:set package 'traffic_light_monitor' build argument 'catkin_skip_building_tests' from command line to 'False'
[6.011s] DEBUG:colcon.colcon_core.verb:Building package 'traffic_light_monitor' with the following arguments: {'ament_cmake_args': None, 'build_base': '/home/ajr/lud_a6w_main/build/traffic_light_monitor', 'catkin_cmake_args': None, 'catkin_skip_building_tests': False, 'cmake_args': None, 'cmake_clean_cache': False, 'cmake_clean_first': False, 'cmake_force_configure': False, 'cmake_target': None, 'cmake_target_skip_unavailable': False, 'install_base': '/home/ajr/lud_a6w_main/install/traffic_light_monitor', 'merge_install': False, 'path': '/home/ajr/lud_a6w_main/src/traffic_light_monitor', 'symlink_install': False, 'test_result_base': None}
[6.011s] INFO:colcon.colcon_core.executor:Executing jobs using 'parallel' executor
[6.012s] DEBUG:colcon.colcon_parallel_executor.executor.parallel:run_until_complete
[6.012s] INFO:colcon.colcon_ros.task.ament_python.build:Building ROS package in '/home/ajr/lud_a6w_main/src/traffic_light_monitor' with build type 'ament_python'
[6.012s] Level 1:colcon.colcon_core.shell:create_environment_hook('traffic_light_monitor', 'ament_prefix_path')
[6.077s] INFO:colcon.colcon_core.plugin_system:Skipping extension 'colcon_core.shell.bat': Not used on non-Windows systems
[6.077s] INFO:colcon.colcon_core.shell:Creating environment hook '/home/ajr/lud_a6w_main/install/traffic_light_monitor/share/traffic_light_monitor/hook/ament_prefix_path.ps1'
[6.088s] INFO:colcon.colcon_core.shell:Creating environment descriptor '/home/ajr/lud_a6w_main/install/traffic_light_monitor/share/traffic_light_monitor/hook/ament_prefix_path.dsv'
[6.099s] INFO:colcon.colcon_core.shell:Creating environment hook '/home/ajr/lud_a6w_main/install/traffic_light_monitor/share/traffic_light_monitor/hook/ament_prefix_path.sh'
[6.110s] INFO:colcon.colcon_core.shell:Skip shell extension 'powershell' for command environment: Not usable outside of PowerShell
[6.110s] DEBUG:colcon.colcon_core.shell:Skip shell extension 'dsv' for command environment
[6.545s] WARNING:colcon.colcon_ros.task.ament_python.build:Package 'traffic_light_monitor' doesn't explicitly install a marker in the package index (colcon-ros currently does it implicitly but that fallback will be removed in the future)
[6.546s] WARNING:colcon.colcon_ros.task.ament_python.build:Package 'traffic_light_monitor' doesn't explicitly install the 'package.xml' file (colcon-ros currently does it implicitly but that fallback will be removed in the future)
[6.546s] INFO:colcon.colcon_core.task.python.build:Building Python package in '/home/ajr/lud_a6w_main/src/traffic_light_monitor'
[6.547s] INFO:colcon.colcon_core.shell:Skip shell extension 'powershell' for command environment: Not usable outside of PowerShell
[6.547s] DEBUG:colcon.colcon_core.shell:Skip shell extension 'dsv' for command environment
[10.451s] DEBUG:colcon.colcon_core.event_handler.log_command:Invoking command in '/home/ajr/lud_a6w_main/src/traffic_light_monitor': PYTHONPATH=/home/ajr/lud_a6w_main/build/traffic_light_monitor/prefix_override:/usr/lib/python3/dist-packages/colcon_core/task/python/colcon_distutils_commands:/home/ajr/lud_a6w_main/install/traffic_light_monitor/lib/python3.10/site-packages:${PYTHONPATH} /usr/bin/python3 -W ignore:setup.py install is deprecated -W ignore:easy_install command is deprecated setup.py egg_info --egg-base ../../build/traffic_light_monitor build --build-base /home/ajr/lud_a6w_main/build/traffic_light_monitor/build install --record /home/ajr/lud_a6w_main/build/traffic_light_monitor/install.log --install-scripts $base/lib/traffic_light_monitor --single-version-externally-managed
[10.855s] DEBUG:colcon.colcon_core.event_handler.log_command:Invoked command in '/home/ajr/lud_a6w_main/src/traffic_light_monitor' returned '0': PYTHONPATH=/home/ajr/lud_a6w_main/build/traffic_light_monitor/prefix_override:/usr/lib/python3/dist-packages/colcon_core/task/python/colcon_distutils_commands:/home/ajr/lud_a6w_main/install/traffic_light_monitor/lib/python3.10/site-packages:${PYTHONPATH} /usr/bin/python3 -W ignore:setup.py install is deprecated -W ignore:easy_install command is deprecated setup.py egg_info --egg-base ../../build/traffic_light_monitor build --build-base /home/ajr/lud_a6w_main/build/traffic_light_monitor/build install --record /home/ajr/lud_a6w_main/build/traffic_light_monitor/install.log --install-scripts $base/lib/traffic_light_monitor --single-version-externally-managed
[10.919s] Level 1:colcon.colcon_core.environment:checking '/home/ajr/lud_a6w_main/install/traffic_light_monitor' for CMake module files
[10.920s] Level 1:colcon.colcon_core.environment:checking '/home/ajr/lud_a6w_main/install/traffic_light_monitor' for CMake config files
[10.922s] Level 1:colcon.colcon_core.environment:checking '/home/ajr/lud_a6w_main/install/traffic_light_monitor/lib'
[10.922s] Level 1:colcon.colcon_core.environment:checking '/home/ajr/lud_a6w_main/install/traffic_light_monitor/bin'
[10.922s] Level 1:colcon.colcon_core.environment:checking '/home/ajr/lud_a6w_main/install/traffic_light_monitor/lib/pkgconfig/traffic_light_monitor.pc'
[10.923s] Level 1:colcon.colcon_core.environment:checking '/home/ajr/lud_a6w_main/install/traffic_light_monitor/lib/python3.10/site-packages'
[10.923s] Level 1:colcon.colcon_core.shell:create_environment_hook('traffic_light_monitor', 'pythonpath')
[10.923s] INFO:colcon.colcon_core.shell:Creating environment hook '/home/ajr/lud_a6w_main/install/traffic_light_monitor/share/traffic_light_monitor/hook/pythonpath.ps1'
[10.924s] INFO:colcon.colcon_core.shell:Creating environment descriptor '/home/ajr/lud_a6w_main/install/traffic_light_monitor/share/traffic_light_monitor/hook/pythonpath.dsv'
[10.924s] INFO:colcon.colcon_core.shell:Creating environment hook '/home/ajr/lud_a6w_main/install/traffic_light_monitor/share/traffic_light_monitor/hook/pythonpath.sh'
[10.925s] Level 1:colcon.colcon_core.environment:checking '/home/ajr/lud_a6w_main/install/traffic_light_monitor/bin'
[10.925s] Level 1:colcon.colcon_core.environment:create_environment_scripts_only(traffic_light_monitor)
[10.925s] INFO:colcon.colcon_core.shell:Creating package script '/home/ajr/lud_a6w_main/install/traffic_light_monitor/share/traffic_light_monitor/package.ps1'
[10.941s] INFO:colcon.colcon_core.shell:Creating package descriptor '/home/ajr/lud_a6w_main/install/traffic_light_monitor/share/traffic_light_monitor/package.dsv'
[10.950s] INFO:colcon.colcon_core.shell:Creating package script '/home/ajr/lud_a6w_main/install/traffic_light_monitor/share/traffic_light_monitor/package.sh'
[10.961s] INFO:colcon.colcon_core.shell:Creating package script '/home/ajr/lud_a6w_main/install/traffic_light_monitor/share/traffic_light_monitor/package.bash'
[10.969s] INFO:colcon.colcon_core.shell:Creating package script '/home/ajr/lud_a6w_main/install/traffic_light_monitor/share/traffic_light_monitor/package.zsh'
[10.978s] Level 1:colcon.colcon_core.environment:create_file_with_runtime_dependencies(/home/ajr/lud_a6w_main/install/traffic_light_monitor/share/colcon-core/packages/traffic_light_monitor)
[10.979s] DEBUG:colcon.colcon_parallel_executor.executor.parallel:closing loop
[10.980s] DEBUG:colcon.colcon_parallel_executor.executor.parallel:loop closed
[10.980s] DEBUG:colcon.colcon_parallel_executor.executor.parallel:run_until_complete finished with '0'
[10.980s] DEBUG:colcon.colcon_core.event_reactor:joining thread
[11.101s] INFO:colcon.colcon_core.plugin_system:Skipping extension 'colcon_notification.desktop_notification.notify_send': Could not find 'notify-send'
[11.101s] INFO:colcon.colcon_core.plugin_system:Skipping extension 'colcon_notification.desktop_notification.terminal_notifier': Not used on non-Darwin systems
[11.101s] INFO:colcon.colcon_core.plugin_system:Skipping extension 'colcon_notification.desktop_notification.win32': Not used on non-Windows systems
[11.101s] INFO:colcon.colcon_notification.desktop_notification:Sending desktop notification using 'notify2'
[11.101s] DEBUG:colcon.colcon_notification.desktop_notification.notify2:Failed to initialize notify2: org.freedesktop.DBus.Error.NotSupported: Unable to autolaunch a dbus-daemon without a $DISPLAY for X11
[11.101s] DEBUG:colcon.colcon_core.event_reactor:joined thread
[11.101s] INFO:colcon.colcon_core.shell:Creating prefix script '/home/ajr/lud_a6w_main/install/local_setup.ps1'
[11.112s] INFO:colcon.colcon_core.shell:Creating prefix util module '/home/ajr/lud_a6w_main/install/_local_setup_util_ps1.py'
[11.123s] INFO:colcon.colcon_core.shell:Creating prefix chain script '/home/ajr/lud_a6w_main/install/setup.ps1'
[11.133s] INFO:colcon.colcon_core.shell:Creating prefix script '/home/ajr/lud_a6w_main/install/local_setup.sh'
[11.144s] INFO:colcon.colcon_core.shell:Creating prefix util module '/home/ajr/lud_a6w_main/install/_local_setup_util_sh.py'
[11.144s] INFO:colcon.colcon_core.shell:Creating prefix chain script '/home/ajr/lud_a6w_main/install/setup.sh'
[11.153s] INFO:colcon.colcon_core.shell:Creating prefix script '/home/ajr/lud_a6w_main/install/local_setup.bash'
[11.163s] INFO:colcon.colcon_core.shell:Creating prefix chain script '/home/ajr/lud_a6w_main/install/setup.bash'
[11.171s] INFO:colcon.colcon_core.shell:Creating prefix script '/home/ajr/lud_a6w_main/install/local_setup.zsh'
[11.180s] INFO:colcon.colcon_core.shell:Creating prefix chain script '/home/ajr/lud_a6w_main/install/setup.zsh'
