[0.817s] Invoking command in '/home/ajr/lud_a6w_main/src/traffic_light_monitor': PYTHONPATH=/home/ajr/lud_a6w_main/build/traffic_light_monitor/prefix_override:/usr/lib/python3/dist-packages/colcon_core/task/python/colcon_distutils_commands:/home/ajr/lud_a6w_main/install/traffic_light_monitor/lib/python3.10/site-packages:${PYTHONPATH} /usr/bin/python3 -W ignore:setup.py install is deprecated -W ignore:easy_install command is deprecated setup.py egg_info --egg-base ../../build/traffic_light_monitor build --build-base /home/ajr/lud_a6w_main/build/traffic_light_monitor/build install --record /home/ajr/lud_a6w_main/build/traffic_light_monitor/install.log --install-scripts $base/lib/traffic_light_monitor --single-version-externally-managed install_data
[1.096s] /home/ajr/.local/lib/python3.10/site-packages/setuptools/dist.py:717: UserWarning: Usage of dash-separated 'script-dir' will not be supported in future versions. Please use the underscore name 'script_dir' instead
[1.096s]   warnings.warn(
[1.117s] running egg_info
[1.117s] writing ../../build/traffic_light_monitor/traffic_light_monitor.egg-info/PKG-INFO
[1.117s] writing dependency_links to ../../build/traffic_light_monitor/traffic_light_monitor.egg-info/dependency_links.txt
[1.129s] writing entry points to ../../build/traffic_light_monitor/traffic_light_monitor.egg-info/entry_points.txt
[1.129s] writing requirements to ../../build/traffic_light_monitor/traffic_light_monitor.egg-info/requires.txt
[1.129s] writing top-level names to ../../build/traffic_light_monitor/traffic_light_monitor.egg-info/top_level.txt
[1.129s] reading manifest file '../../build/traffic_light_monitor/traffic_light_monitor.egg-info/SOURCES.txt'
[1.129s] writing manifest file '../../build/traffic_light_monitor/traffic_light_monitor.egg-info/SOURCES.txt'
[1.129s] running build
[1.129s] running build_py
[1.129s] running install
[1.129s] running install_lib
[1.129s] running install_data
[1.129s] copying resource/traffic_light_monitor -> /home/ajr/lud_a6w_main/install/traffic_light_monitor/share/ament_index/resource_index/packages
[1.130s] copying package.xml -> /home/ajr/lud_a6w_main/install/traffic_light_monitor/share/traffic_light_monitor
[1.130s] creating /home/ajr/lud_a6w_main/install/traffic_light_monitor/share/traffic_light_monitor/launch
[1.130s] running install_egg_info
[1.130s] Copying ../../build/traffic_light_monitor/traffic_light_monitor.egg-info to /home/ajr/lud_a6w_main/install/traffic_light_monitor/lib/python3.10/site-packages/traffic_light_monitor-1.0-py3.10.egg-info
[1.133s] running install_scripts
[1.150s] Installing traffic_light_publisher script to /home/ajr/lud_a6w_main/install/traffic_light_monitor/lib/traffic_light_monitor
[1.151s] Installing traffic_light_subscriber script to /home/ajr/lud_a6w_main/install/traffic_light_monitor/lib/traffic_light_monitor
[1.152s] Installing vehicle_monitor_node script to /home/ajr/lud_a6w_main/install/traffic_light_monitor/lib/traffic_light_monitor
[1.152s] writing list of installed files to '/home/ajr/lud_a6w_main/build/traffic_light_monitor/install.log'
[1.169s] Invoked command in '/home/ajr/lud_a6w_main/src/traffic_light_monitor' returned '0': PYTHONPATH=/home/ajr/lud_a6w_main/build/traffic_light_monitor/prefix_override:/usr/lib/python3/dist-packages/colcon_core/task/python/colcon_distutils_commands:/home/ajr/lud_a6w_main/install/traffic_light_monitor/lib/python3.10/site-packages:${PYTHONPATH} /usr/bin/python3 -W ignore:setup.py install is deprecated -W ignore:easy_install command is deprecated setup.py egg_info --egg-base ../../build/traffic_light_monitor build --build-base /home/ajr/lud_a6w_main/build/traffic_light_monitor/build install --record /home/ajr/lud_a6w_main/build/traffic_light_monitor/install.log --install-scripts $base/lib/traffic_light_monitor --single-version-externally-managed install_data
