[0.852s] Invoking command in '/home/ajr/lud_a6w_main/src/traffic_light_monitor': PYTHONPATH=/home/ajr/lud_a6w_main/build/traffic_light_monitor/prefix_override:/usr/lib/python3/dist-packages/colcon_core/task/python/colcon_distutils_commands:/home/ajr/lud_a6w_main/install/traffic_light_monitor/lib/python3.10/site-packages:${PYTHONPATH} /usr/bin/python3 -W ignore:setup.py install is deprecated -W ignore:easy_install command is deprecated setup.py egg_info --egg-base ../../build/traffic_light_monitor build --build-base /home/ajr/lud_a6w_main/build/traffic_light_monitor/build install --record /home/ajr/lud_a6w_main/build/traffic_light_monitor/install.log --install-scripts $base/lib/traffic_light_monitor --single-version-externally-managed
[1.154s] /home/ajr/.local/lib/python3.10/site-packages/setuptools/dist.py:717: UserWarning: Usage of dash-separated 'script-dir' will not be supported in future versions. Please use the underscore name 'script_dir' instead
[1.154s]   warnings.warn(
[1.177s] running egg_info
[1.177s] creating ../../build/traffic_light_monitor/traffic_light_monitor.egg-info
[1.178s] writing ../../build/traffic_light_monitor/traffic_light_monitor.egg-info/PKG-INFO
[1.189s] writing dependency_links to ../../build/traffic_light_monitor/traffic_light_monitor.egg-info/dependency_links.txt
[1.190s] writing entry points to ../../build/traffic_light_monitor/traffic_light_monitor.egg-info/entry_points.txt
[1.190s] writing requirements to ../../build/traffic_light_monitor/traffic_light_monitor.egg-info/requires.txt
[1.191s] writing top-level names to ../../build/traffic_light_monitor/traffic_light_monitor.egg-info/top_level.txt
[1.191s] writing manifest file '../../build/traffic_light_monitor/traffic_light_monitor.egg-info/SOURCES.txt'
[1.193s] reading manifest file '../../build/traffic_light_monitor/traffic_light_monitor.egg-info/SOURCES.txt'
[1.194s] writing manifest file '../../build/traffic_light_monitor/traffic_light_monitor.egg-info/SOURCES.txt'
[1.194s] running build
[1.194s] running build_py
[1.194s] creating /home/ajr/lud_a6w_main/build/traffic_light_monitor/build
[1.194s] creating /home/ajr/lud_a6w_main/build/traffic_light_monitor/build/lib
[1.194s] creating /home/ajr/lud_a6w_main/build/traffic_light_monitor/build/lib/traffic_light_monitor
[1.194s] copying traffic_light_monitor/traffic_light_publisher.py -> /home/ajr/lud_a6w_main/build/traffic_light_monitor/build/lib/traffic_light_monitor
[1.195s] copying traffic_light_monitor/traffic_light_subscriber.py -> /home/ajr/lud_a6w_main/build/traffic_light_monitor/build/lib/traffic_light_monitor
[1.196s] copying traffic_light_monitor/vehicle_monitor_node.py -> /home/ajr/lud_a6w_main/build/traffic_light_monitor/build/lib/traffic_light_monitor
[1.197s] copying traffic_light_monitor/__init__.py -> /home/ajr/lud_a6w_main/build/traffic_light_monitor/build/lib/traffic_light_monitor
[1.197s] running install
[1.198s] running install_lib
[1.199s] creating /home/ajr/lud_a6w_main/install/traffic_light_monitor/lib/python3.10/site-packages/traffic_light_monitor
[1.199s] copying /home/ajr/lud_a6w_main/build/traffic_light_monitor/build/lib/traffic_light_monitor/traffic_light_publisher.py -> /home/ajr/lud_a6w_main/install/traffic_light_monitor/lib/python3.10/site-packages/traffic_light_monitor
[1.199s] copying /home/ajr/lud_a6w_main/build/traffic_light_monitor/build/lib/traffic_light_monitor/traffic_light_subscriber.py -> /home/ajr/lud_a6w_main/install/traffic_light_monitor/lib/python3.10/site-packages/traffic_light_monitor
[1.200s] copying /home/ajr/lud_a6w_main/build/traffic_light_monitor/build/lib/traffic_light_monitor/vehicle_monitor_node.py -> /home/ajr/lud_a6w_main/install/traffic_light_monitor/lib/python3.10/site-packages/traffic_light_monitor
[1.200s] copying /home/ajr/lud_a6w_main/build/traffic_light_monitor/build/lib/traffic_light_monitor/__init__.py -> /home/ajr/lud_a6w_main/install/traffic_light_monitor/lib/python3.10/site-packages/traffic_light_monitor
[1.201s] byte-compiling /home/ajr/lud_a6w_main/install/traffic_light_monitor/lib/python3.10/site-packages/traffic_light_monitor/traffic_light_publisher.py to traffic_light_publisher.cpython-310.pyc
[1.202s] byte-compiling /home/ajr/lud_a6w_main/install/traffic_light_monitor/lib/python3.10/site-packages/traffic_light_monitor/traffic_light_subscriber.py to traffic_light_subscriber.cpython-310.pyc
[1.203s] byte-compiling /home/ajr/lud_a6w_main/install/traffic_light_monitor/lib/python3.10/site-packages/traffic_light_monitor/vehicle_monitor_node.py to vehicle_monitor_node.cpython-310.pyc
[1.205s] byte-compiling /home/ajr/lud_a6w_main/install/traffic_light_monitor/lib/python3.10/site-packages/traffic_light_monitor/__init__.py to __init__.cpython-310.pyc
[1.205s] running install_egg_info
[1.207s] Copying ../../build/traffic_light_monitor/traffic_light_monitor.egg-info to /home/ajr/lud_a6w_main/install/traffic_light_monitor/lib/python3.10/site-packages/traffic_light_monitor-1.0-py3.10.egg-info
[1.213s] running install_scripts
[1.232s] Installing traffic_light_publisher script to /home/ajr/lud_a6w_main/install/traffic_light_monitor/lib/traffic_light_monitor
[1.232s] Installing traffic_light_subscriber script to /home/ajr/lud_a6w_main/install/traffic_light_monitor/lib/traffic_light_monitor
[1.233s] Installing vehicle_monitor_node script to /home/ajr/lud_a6w_main/install/traffic_light_monitor/lib/traffic_light_monitor
[1.233s] writing list of installed files to '/home/ajr/lud_a6w_main/build/traffic_light_monitor/install.log'
[1.250s] Invoked command in '/home/ajr/lud_a6w_main/src/traffic_light_monitor' returned '0': PYTHONPATH=/home/ajr/lud_a6w_main/build/traffic_light_monitor/prefix_override:/usr/lib/python3/dist-packages/colcon_core/task/python/colcon_distutils_commands:/home/ajr/lud_a6w_main/install/traffic_light_monitor/lib/python3.10/site-packages:${PYTHONPATH} /usr/bin/python3 -W ignore:setup.py install is deprecated -W ignore:easy_install command is deprecated setup.py egg_info --egg-base ../../build/traffic_light_monitor build --build-base /home/ajr/lud_a6w_main/build/traffic_light_monitor/build install --record /home/ajr/lud_a6w_main/build/traffic_light_monitor/install.log --install-scripts $base/lib/traffic_light_monitor --single-version-externally-managed
