[0.818s] Invoking command in '/home/ajr/lud_a6w_main/src/traffic_light_monitor': PYTHONPATH=/home/ajr/lud_a6w_main/build/traffic_light_monitor/prefix_override:/usr/lib/python3/dist-packages/colcon_core/task/python/colcon_distutils_commands:/home/ajr/lud_a6w_main/install/traffic_light_monitor/lib/python3.10/site-packages:${PYTHONPATH} /usr/bin/python3 -W ignore:setup.py install is deprecated -W ignore:easy_install command is deprecated setup.py egg_info --egg-base ../../build/traffic_light_monitor build --build-base /home/ajr/lud_a6w_main/build/traffic_light_monitor/build install --record /home/ajr/lud_a6w_main/build/traffic_light_monitor/install.log --install-scripts $base/lib/traffic_light_monitor --single-version-externally-managed install_data
[1.110s] /home/ajr/.local/lib/python3.10/site-packages/setuptools/dist.py:717: UserWarning: Usage of dash-separated 'script-dir' will not be supported in future versions. Please use the underscore name 'script_dir' instead
[1.110s]   warnings.warn(
[1.131s] running egg_info
[1.131s] writing ../../build/traffic_light_monitor/traffic_light_monitor.egg-info/PKG-INFO
[1.131s] writing dependency_links to ../../build/traffic_light_monitor/traffic_light_monitor.egg-info/dependency_links.txt
[1.143s] writing entry points to ../../build/traffic_light_monitor/traffic_light_monitor.egg-info/entry_points.txt
[1.143s] writing requirements to ../../build/traffic_light_monitor/traffic_light_monitor.egg-info/requires.txt
[1.143s] writing top-level names to ../../build/traffic_light_monitor/traffic_light_monitor.egg-info/top_level.txt
[1.144s] reading manifest file '../../build/traffic_light_monitor/traffic_light_monitor.egg-info/SOURCES.txt'
[1.144s] writing manifest file '../../build/traffic_light_monitor/traffic_light_monitor.egg-info/SOURCES.txt'
[1.144s] running build
[1.144s] running build_py
[1.144s] copying traffic_light_monitor/traffic_light_publisher.py -> /home/ajr/lud_a6w_main/build/traffic_light_monitor/build/lib/traffic_light_monitor
[1.144s] copying traffic_light_monitor/vehicle_monitor_node.py -> /home/ajr/lud_a6w_main/build/traffic_light_monitor/build/lib/traffic_light_monitor
[1.144s] running install
[1.144s] running install_lib
[1.144s] copying /home/ajr/lud_a6w_main/build/traffic_light_monitor/build/lib/traffic_light_monitor/traffic_light_publisher.py -> /home/ajr/lud_a6w_main/install/traffic_light_monitor/lib/python3.10/site-packages/traffic_light_monitor
[1.144s] copying /home/ajr/lud_a6w_main/build/traffic_light_monitor/build/lib/traffic_light_monitor/vehicle_monitor_node.py -> /home/ajr/lud_a6w_main/install/traffic_light_monitor/lib/python3.10/site-packages/traffic_light_monitor
[1.144s] byte-compiling /home/ajr/lud_a6w_main/install/traffic_light_monitor/lib/python3.10/site-packages/traffic_light_monitor/traffic_light_publisher.py to traffic_light_publisher.cpython-310.pyc
[1.144s] byte-compiling /home/ajr/lud_a6w_main/install/traffic_light_monitor/lib/python3.10/site-packages/traffic_light_monitor/vehicle_monitor_node.py to vehicle_monitor_node.cpython-310.pyc
[1.145s] running install_data
[1.145s] copying resource/traffic_light_monitor -> /home/ajr/lud_a6w_main/install/traffic_light_monitor/share/ament_index/resource_index/packages
[1.145s] running install_egg_info
[1.145s] removing '/home/ajr/lud_a6w_main/install/traffic_light_monitor/lib/python3.10/site-packages/traffic_light_monitor-1.0-py3.10.egg-info' (and everything under it)
[1.146s] Copying ../../build/traffic_light_monitor/traffic_light_monitor.egg-info to /home/ajr/lud_a6w_main/install/traffic_light_monitor/lib/python3.10/site-packages/traffic_light_monitor-1.0-py3.10.egg-info
[1.151s] running install_scripts
[1.169s] Installing traffic_light_publisher script to /home/ajr/lud_a6w_main/install/traffic_light_monitor/lib/traffic_light_monitor
[1.169s] Installing traffic_light_subscriber script to /home/ajr/lud_a6w_main/install/traffic_light_monitor/lib/traffic_light_monitor
[1.169s] Installing vehicle_monitor_node script to /home/ajr/lud_a6w_main/install/traffic_light_monitor/lib/traffic_light_monitor
[1.169s] writing list of installed files to '/home/ajr/lud_a6w_main/build/traffic_light_monitor/install.log'
[1.184s] Invoked command in '/home/ajr/lud_a6w_main/src/traffic_light_monitor' returned '0': PYTHONPATH=/home/ajr/lud_a6w_main/build/traffic_light_monitor/prefix_override:/usr/lib/python3/dist-packages/colcon_core/task/python/colcon_distutils_commands:/home/ajr/lud_a6w_main/install/traffic_light_monitor/lib/python3.10/site-packages:${PYTHONPATH} /usr/bin/python3 -W ignore:setup.py install is deprecated -W ignore:easy_install command is deprecated setup.py egg_info --egg-base ../../build/traffic_light_monitor build --build-base /home/ajr/lud_a6w_main/build/traffic_light_monitor/build install --record /home/ajr/lud_a6w_main/build/traffic_light_monitor/install.log --install-scripts $base/lib/traffic_light_monitor --single-version-externally-managed install_data
