[2.338s] DEBUG:colcon:Command line arguments: ['/usr/bin/colcon', 'build', '--packages-select', 'traffic_light_monitor']
[2.338s] DEBUG:colcon:Parsed command line arguments: Namespace(log_base=None, log_level=None, verb_name='build', build_base='build', install_base='install', merge_install=False, symlink_install=False, test_result_base=None, continue_on_error=False, executor='parallel', parallel_workers=12, event_handlers=None, ignore_user_meta=False, metas=['./colcon.meta'], base_paths=['.'], packages_ignore=None, packages_ignore_regex=None, paths=None, packages_up_to=None, packages_up_to_regex=None, packages_above=None, packages_above_and_dependencies=None, packages_above_depth=None, packages_select_by_dep=None, packages_skip_by_dep=None, packages_skip_up_to=None, packages_select_build_failed=False, packages_skip_build_finished=False, packages_select_test_failures=False, packages_skip_test_passed=False, packages_select=['traffic_light_monitor'], packages_skip=None, packages_select_regex=None, packages_skip_regex=None, packages_start=None, packages_end=None, allow_overriding=[], cmake_args=None, cmake_target=None, cmake_target_skip_unavailable=False, cmake_clean_cache=False, cmake_clean_first=False, cmake_force_configure=False, ament_cmake_args=None, catkin_cmake_args=None, catkin_skip_building_tests=False, mixin_files=None, mixin=None, verb_parser=<colcon_mixin.mixin.mixin_argument.MixinArgumentDecorator object at 0x7ff5a9485660>, verb_extension=<colcon_core.verb.build.BuildVerb object at 0x7ff5a9586590>, main=<bound method BuildVerb.main of <colcon_core.verb.build.BuildVerb object at 0x7ff5a9586590>>, mixin_verb=('build',))
[5.568s] Level 1:colcon.colcon_core.package_discovery:discover_packages(colcon_meta) check parameters
[5.568s] Level 1:colcon.colcon_core.package_discovery:discover_packages(recursive) check parameters
[5.568s] Level 1:colcon.colcon_core.package_discovery:discover_packages(ignore) check parameters
[5.568s] Level 1:colcon.colcon_core.package_discovery:discover_packages(path) check parameters
[5.568s] Level 1:colcon.colcon_core.package_discovery:discover_packages(colcon_meta) discover
[5.569s] Level 1:colcon.colcon_core.package_discovery:discover_packages(recursive) discover
[5.569s] INFO:colcon.colcon_core.package_discovery:Crawling recursively for packages in '/home/ajr/lud_a6w_main'
[5.569s] Level 1:colcon.colcon_core.package_identification:_identify(.) by extensions ['ignore', 'ignore_ament_install']
[5.569s] Level 1:colcon.colcon_core.package_identification:_identify(.) by extension 'ignore'
[5.569s] Level 1:colcon.colcon_core.package_identification:_identify(.) by extension 'ignore_ament_install'
[5.569s] Level 1:colcon.colcon_core.package_identification:_identify(.) by extensions ['colcon_pkg']
[5.569s] Level 1:colcon.colcon_core.package_identification:_identify(.) by extension 'colcon_pkg'
[5.569s] Level 1:colcon.colcon_core.package_identification:_identify(.) by extensions ['colcon_meta']
[5.569s] Level 1:colcon.colcon_core.package_identification:_identify(.) by extension 'colcon_meta'
[5.569s] Level 1:colcon.colcon_core.package_identification:_identify(.) by extensions ['ros']
[5.569s] Level 1:colcon.colcon_core.package_identification:_identify(.) by extension 'ros'
[5.666s] DEBUG:colcon.colcon_core.package_identification:Package '.' with type 'ros.ament_python' and name 'traffic_light_monitor'
[5.666s] Level 1:colcon.colcon_core.package_discovery:discover_packages(recursive) using defaults
[5.666s] Level 1:colcon.colcon_core.package_discovery:discover_packages(ignore) discover
[5.666s] Level 1:colcon.colcon_core.package_discovery:discover_packages(ignore) using defaults
[5.666s] Level 1:colcon.colcon_core.package_discovery:discover_packages(path) discover
[5.666s] Level 1:colcon.colcon_core.package_discovery:discover_packages(path) using defaults
[5.874s] Level 1:colcon.colcon_core.package_discovery:discover_packages(prefix_path) check parameters
[5.874s] Level 1:colcon.colcon_core.package_discovery:discover_packages(prefix_path) discover
[5.912s] DEBUG:colcon.colcon_installed_package_information.package_discovery:Found 291 installed packages in /opt/ros/humble
[5.914s] Level 1:colcon.colcon_core.package_discovery:discover_packages(prefix_path) using defaults
[5.995s] Level 5:colcon.colcon_core.verb:set package 'traffic_light_monitor' build argument 'cmake_args' from command line to 'None'
[5.995s] Level 5:colcon.colcon_core.verb:set package 'traffic_light_monitor' build argument 'cmake_target' from command line to 'None'
[5.995s] Level 5:colcon.colcon_core.verb:set package 'traffic_light_monitor' build argument 'cmake_target_skip_unavailable' from command line to 'False'
[5.995s] Level 5:colcon.colcon_core.verb:set package 'traffic_light_monitor' build argument 'cmake_clean_cache' from command line to 'False'
[5.995s] Level 5:colcon.colcon_core.verb:set package 'traffic_light_monitor' build argument 'cmake_clean_first' from command line to 'False'
[5.995s] Level 5:colcon.colcon_core.verb:set package 'traffic_light_monitor' build argument 'cmake_force_configure' from command line to 'False'
[5.995s] Level 5:colcon.colcon_core.verb:set package 'traffic_light_monitor' build argument 'ament_cmake_args' from command line to 'None'
[5.995s] Level 5:colcon.colcon_core.verb:set package 'traffic_light_monitor' build argument 'catkin_cmake_args' from command line to 'None'
[5.995s] Level 5:colcon.colcon_core.verb:set package 'traffic_light_monitor' build argument 'catkin_skip_building_tests' from command line to 'False'
[5.995s] DEBUG:colcon.colcon_core.verb:Building package 'traffic_light_monitor' with the following arguments: {'ament_cmake_args': None, 'build_base': '/home/ajr/lud_a6w_main/build/traffic_light_monitor', 'catkin_cmake_args': None, 'catkin_skip_building_tests': False, 'cmake_args': None, 'cmake_clean_cache': False, 'cmake_clean_first': False, 'cmake_force_configure': False, 'cmake_target': None, 'cmake_target_skip_unavailable': False, 'install_base': '/home/ajr/lud_a6w_main/install/traffic_light_monitor', 'merge_install': False, 'path': '/home/ajr/lud_a6w_main', 'symlink_install': False, 'test_result_base': None}
[5.995s] INFO:colcon.colcon_core.executor:Executing jobs using 'parallel' executor
[5.996s] DEBUG:colcon.colcon_parallel_executor.executor.parallel:run_until_complete
[5.996s] INFO:colcon.colcon_ros.task.ament_python.build:Building ROS package in '/home/ajr/lud_a6w_main' with build type 'ament_python'
[5.996s] Level 1:colcon.colcon_core.shell:create_environment_hook('traffic_light_monitor', 'ament_prefix_path')
[6.052s] INFO:colcon.colcon_core.plugin_system:Skipping extension 'colcon_core.shell.bat': Not used on non-Windows systems
[6.052s] INFO:colcon.colcon_core.shell:Creating environment hook '/home/ajr/lud_a6w_main/install/traffic_light_monitor/share/traffic_light_monitor/hook/ament_prefix_path.ps1'
[6.059s] INFO:colcon.colcon_core.shell:Creating environment descriptor '/home/ajr/lud_a6w_main/install/traffic_light_monitor/share/traffic_light_monitor/hook/ament_prefix_path.dsv'
[6.066s] INFO:colcon.colcon_core.shell:Creating environment hook '/home/ajr/lud_a6w_main/install/traffic_light_monitor/share/traffic_light_monitor/hook/ament_prefix_path.sh'
[6.072s] INFO:colcon.colcon_core.shell:Skip shell extension 'powershell' for command environment: Not usable outside of PowerShell
[6.072s] DEBUG:colcon.colcon_core.shell:Skip shell extension 'dsv' for command environment
[6.092s] WARNING:colcon.colcon_ros.task.ament_python.build:Package 'traffic_light_monitor' doesn't explicitly install a marker in the package index (colcon-ros currently does it implicitly but that fallback will be removed in the future)
[6.093s] WARNING:colcon.colcon_ros.task.ament_python.build:Package 'traffic_light_monitor' doesn't explicitly install the 'package.xml' file (colcon-ros currently does it implicitly but that fallback will be removed in the future)
[6.093s] INFO:colcon.colcon_core.task.python.build:Building Python package in '/home/ajr/lud_a6w_main'
[6.093s] INFO:colcon.colcon_core.shell:Skip shell extension 'powershell' for command environment: Not usable outside of PowerShell
[6.094s] DEBUG:colcon.colcon_core.shell:Skip shell extension 'dsv' for command environment
[6.207s] DEBUG:colcon.colcon_parallel_executor.executor.parallel:closing loop
[6.207s] DEBUG:colcon.colcon_parallel_executor.executor.parallel:loop closed
[6.207s] DEBUG:colcon.colcon_parallel_executor.executor.parallel:run_until_complete finished with 'Expected ['/usr/bin/python3', '-W', 'ignore:setup.py install is deprecated', '-W', 'ignore:easy_install command is deprecated', 'setup.py', '--help-commands'] to pass: /usr/bin/python3: can't open file '/home/ajr/lud_a6w_main/setup.py': [Errno 2] No such file or directory
'
[6.207s] DEBUG:colcon.colcon_core.event_reactor:joining thread
[6.326s] INFO:colcon.colcon_core.plugin_system:Skipping extension 'colcon_notification.desktop_notification.notify_send': Could not find 'notify-send'
[6.326s] INFO:colcon.colcon_core.plugin_system:Skipping extension 'colcon_notification.desktop_notification.terminal_notifier': Not used on non-Darwin systems
[6.326s] INFO:colcon.colcon_core.plugin_system:Skipping extension 'colcon_notification.desktop_notification.win32': Not used on non-Windows systems
[6.326s] INFO:colcon.colcon_notification.desktop_notification:Sending desktop notification using 'notify2'
[6.326s] DEBUG:colcon.colcon_notification.desktop_notification.notify2:Failed to initialize notify2: org.freedesktop.DBus.Error.NotSupported: Unable to autolaunch a dbus-daemon without a $DISPLAY for X11
[6.326s] DEBUG:colcon.colcon_core.event_reactor:joined thread
[6.327s] INFO:colcon.colcon_core.shell:Creating prefix script '/home/ajr/lud_a6w_main/install/local_setup.ps1'
[6.337s] INFO:colcon.colcon_core.shell:Creating prefix util module '/home/ajr/lud_a6w_main/install/_local_setup_util_ps1.py'
[6.346s] INFO:colcon.colcon_core.shell:Creating prefix chain script '/home/ajr/lud_a6w_main/install/setup.ps1'
[6.356s] INFO:colcon.colcon_core.shell:Creating prefix script '/home/ajr/lud_a6w_main/install/local_setup.sh'
[6.367s] INFO:colcon.colcon_core.shell:Creating prefix util module '/home/ajr/lud_a6w_main/install/_local_setup_util_sh.py'
[6.367s] INFO:colcon.colcon_core.shell:Creating prefix chain script '/home/ajr/lud_a6w_main/install/setup.sh'
[6.375s] INFO:colcon.colcon_core.shell:Creating prefix script '/home/ajr/lud_a6w_main/install/local_setup.bash'
[6.384s] INFO:colcon.colcon_core.shell:Creating prefix chain script '/home/ajr/lud_a6w_main/install/setup.bash'
[6.392s] INFO:colcon.colcon_core.shell:Creating prefix script '/home/ajr/lud_a6w_main/install/local_setup.zsh'
[6.400s] INFO:colcon.colcon_core.shell:Creating prefix chain script '/home/ajr/lud_a6w_main/install/setup.zsh'
