/home/ajr/.local/lib/python3.10/site-packages/setuptools/dist.py:717: UserWarning: Usage of dash-separated 'script-dir' will not be supported in future versions. Please use the underscore name 'script_dir' instead
  warnings.warn(
running egg_info
writing ../../build/traffic_light_monitor/traffic_light_monitor.egg-info/PKG-INFO
writing dependency_links to ../../build/traffic_light_monitor/traffic_light_monitor.egg-info/dependency_links.txt
writing entry points to ../../build/traffic_light_monitor/traffic_light_monitor.egg-info/entry_points.txt
writing requirements to ../../build/traffic_light_monitor/traffic_light_monitor.egg-info/requires.txt
writing top-level names to ../../build/traffic_light_monitor/traffic_light_monitor.egg-info/top_level.txt
reading manifest file '../../build/traffic_light_monitor/traffic_light_monitor.egg-info/SOURCES.txt'
writing manifest file '../../build/traffic_light_monitor/traffic_light_monitor.egg-info/SOURCES.txt'
running build
running build_py
running install
running install_lib
running install_data
copying launch/traffic_light_system.launch.py -> /home/ajr/lud_a6w_main/install/traffic_light_monitor/share/traffic_light_monitor/launch
running install_egg_info
removing '/home/ajr/lud_a6w_main/install/traffic_light_monitor/lib/python3.10/site-packages/traffic_light_monitor-1.0-py3.10.egg-info' (and everything under it)
Copying ../../build/traffic_light_monitor/traffic_light_monitor.egg-info to /home/ajr/lud_a6w_main/install/traffic_light_monitor/lib/python3.10/site-packages/traffic_light_monitor-1.0-py3.10.egg-info
running install_scripts
Installing traffic_light_publisher script to /home/ajr/lud_a6w_main/install/traffic_light_monitor/lib/traffic_light_monitor
Installing traffic_light_subscriber script to /home/ajr/lud_a6w_main/install/traffic_light_monitor/lib/traffic_light_monitor
Installing vehicle_monitor_node script to /home/ajr/lud_a6w_main/install/traffic_light_monitor/lib/traffic_light_monitor
writing list of installed files to '/home/ajr/lud_a6w_main/build/traffic_light_monitor/install.log'
