[4.531s] Invoking command in '/home/ajr/lud_a6w_main/traffic_light_monitor': PYTHONPATH=/home/ajr/lud_a6w_main/build/traffic_light_monitor/prefix_override:/usr/lib/python3/dist-packages/colcon_core/task/python/colcon_distutils_commands:/home/ajr/lud_a6w_main/install/traffic_light_monitor/lib/python3.10/site-packages:${PYTHONPATH} /usr/bin/python3 -W ignore:setup.py install is deprecated -W ignore:easy_install command is deprecated setup.py egg_info --egg-base ../build/traffic_light_monitor build --build-base /home/ajr/lud_a6w_main/build/traffic_light_monitor/build install --record /home/ajr/lud_a6w_main/build/traffic_light_monitor/install.log --single-version-externally-managed install_data
[4.843s] running egg_info
[4.843s] creating ../build/traffic_light_monitor/traffic_light_monitor.egg-info
[4.844s] writing ../build/traffic_light_monitor/traffic_light_monitor.egg-info/PKG-INFO
[4.844s] writing dependency_links to ../build/traffic_light_monitor/traffic_light_monitor.egg-info/dependency_links.txt
[4.856s] writing entry points to ../build/traffic_light_monitor/traffic_light_monitor.egg-info/entry_points.txt
[4.856s] writing requirements to ../build/traffic_light_monitor/traffic_light_monitor.egg-info/requires.txt
[4.856s] writing top-level names to ../build/traffic_light_monitor/traffic_light_monitor.egg-info/top_level.txt
[4.857s] writing manifest file '../build/traffic_light_monitor/traffic_light_monitor.egg-info/SOURCES.txt'
[4.859s] reading manifest file '../build/traffic_light_monitor/traffic_light_monitor.egg-info/SOURCES.txt'
[4.860s] writing manifest file '../build/traffic_light_monitor/traffic_light_monitor.egg-info/SOURCES.txt'
[4.860s] running build
[4.860s] running build_py
[4.860s] creating /home/ajr/lud_a6w_main/build/traffic_light_monitor/build
[4.861s] creating /home/ajr/lud_a6w_main/build/traffic_light_monitor/build/lib
[4.861s] creating /home/ajr/lud_a6w_main/build/traffic_light_monitor/build/lib/traffic_light_monitor
[4.861s] copying traffic_light_monitor/__init__.py -> /home/ajr/lud_a6w_main/build/traffic_light_monitor/build/lib/traffic_light_monitor
[4.862s] running install
[4.862s] running install_lib
[4.863s] creating /home/ajr/lud_a6w_main/install/traffic_light_monitor/lib/python3.10/site-packages/traffic_light_monitor
[4.863s] copying /home/ajr/lud_a6w_main/build/traffic_light_monitor/build/lib/traffic_light_monitor/__init__.py -> /home/ajr/lud_a6w_main/install/traffic_light_monitor/lib/python3.10/site-packages/traffic_light_monitor
[4.865s] byte-compiling /home/ajr/lud_a6w_main/install/traffic_light_monitor/lib/python3.10/site-packages/traffic_light_monitor/__init__.py to __init__.cpython-310.pyc
[4.866s] running install_data
[4.866s] creating /home/ajr/lud_a6w_main/install/traffic_light_monitor/share/ament_index
[4.866s] creating /home/ajr/lud_a6w_main/install/traffic_light_monitor/share/ament_index/resource_index
[4.867s] creating /home/ajr/lud_a6w_main/install/traffic_light_monitor/share/ament_index/resource_index/packages
[4.867s] copying resource/traffic_light_monitor -> /home/ajr/lud_a6w_main/install/traffic_light_monitor/share/ament_index/resource_index/packages
[4.867s] copying package.xml -> /home/ajr/lud_a6w_main/install/traffic_light_monitor/share/traffic_light_monitor
[4.868s] running install_egg_info
[4.870s] Copying ../build/traffic_light_monitor/traffic_light_monitor.egg-info to /home/ajr/lud_a6w_main/install/traffic_light_monitor/lib/python3.10/site-packages/traffic_light_monitor-0.0.0-py3.10.egg-info
[4.876s] running install_scripts
[4.894s] writing list of installed files to '/home/ajr/lud_a6w_main/build/traffic_light_monitor/install.log'
[4.912s] Invoked command in '/home/ajr/lud_a6w_main/traffic_light_monitor' returned '0': PYTHONPATH=/home/ajr/lud_a6w_main/build/traffic_light_monitor/prefix_override:/usr/lib/python3/dist-packages/colcon_core/task/python/colcon_distutils_commands:/home/ajr/lud_a6w_main/install/traffic_light_monitor/lib/python3.10/site-packages:${PYTHONPATH} /usr/bin/python3 -W ignore:setup.py install is deprecated -W ignore:easy_install command is deprecated setup.py egg_info --egg-base ../build/traffic_light_monitor build --build-base /home/ajr/lud_a6w_main/build/traffic_light_monitor/build install --record /home/ajr/lud_a6w_main/build/traffic_light_monitor/install.log --single-version-externally-managed install_data
